0 info it worked if it ends with ok
1 verbose cli [ '/usr/local/Cellar/node/0.8.9/bin/node',
1 verbose cli   '/usr/local/bin/npm',
1 verbose cli   'info',
1 verbose cli   'jsontools' ]
2 info using npm@1.1.61
3 info using node@v0.8.9
4 verbose url raw jsontools
5 verbose url resolving [ 'https://registry.npmjs.org/', './jsontools' ]
6 verbose url resolved https://registry.npmjs.org/jsontools
7 info trying registry request attempt 1 at 15:40:51
8 http GET https://registry.npmjs.org/jsontools
9 http 404 https://registry.npmjs.org/jsontools
10 silly registry.get cb [ 404,
10 silly registry.get   { server: 'CouchDB/1.2.0 (Erlang OTP/R15B)',
10 silly registry.get     date: 'Mon, 03 Dec 2012 06:40:12 GMT',
10 silly registry.get     'content-type': 'application/json',
10 silly registry.get     'content-length': '52',
10 silly registry.get     'cache-control': 'must-revalidate' } ]
11 error 404 'jsontools' is not in the npm registry.
11 error 404 You should bug the author to publish it
11 error 404
11 error 404 Note that you can also install from a
11 error 404 tarball, folder, or http url, or git url.
12 error System Darwin 12.2.0
13 error command "/usr/local/Cellar/node/0.8.9/bin/node" "/usr/local/bin/npm" "info" "jsontools"
14 error cwd /Users/hiroshi/etc/api-explorer
15 error node -v v0.8.9
16 error npm -v 1.1.61
17 error code E404
18 verbose exit [ 1, true ]
